2023-02-06 11:22:19.655 -05:00 [VRB] STDIN: {"type": "REQUEST", "request": {"type":"multiplication","id":"bce31925-116d-4e4b-b82f-d1a923edd5a4","args":"{\"num1\":9,\"num2\":2}"}	
2023-02-06 11:22:20.064 -05:00 [VRB] STDOUT: {"type":"RESPONSE","response":{"result":18.0,"id":"bce31925-116d-4e4b-b82f-d1a923edd5a4"}}
2023-02-06 11:22:26.604 -05:00 [VRB] STDIN: {"type": "REQUEST", "request": {"type":"multiplication","id":"9281b6d7-a901-4a2c-9b1a-31a7e1a37dfa","args":"{\"num1\":18,\"num2\":0}"}	
2023-02-06 11:22:26.607 -05:00 [VRB] STDOUT: {"type":"RESPONSE","response":{"result":0.0,"id":"9281b6d7-a901-4a2c-9b1a-31a7e1a37dfa"}}
2023-02-06 11:32:26.659 -05:00 [VRB] STDIN: {"type": "REQUEST", "request": {"type":"sum","id":"8785d668-6e9a-4f08-bcd7-03da882cc273","args":"{\"num1\":9,\"num2\":3}"}	
2023-02-06 11:32:26.939 -05:00 [VRB] STDOUT: {"type":"RESPONSE","response":{"result":12.0,"id":"8785d668-6e9a-4f08-bcd7-03da882cc273"}}
2023-02-06 11:32:38.151 -05:00 [VRB] STDIN: {"type": "REQUEST", "request": {"type":"division","id":"ca1ea856-ce0b-4033-910a-7943e86db9a5","args":"{\"num1\":23,\"num2\":45}"}	
2023-02-06 11:32:38.214 -05:00 [VRB] STDOUT: {"type":"RESPONSE","response":{"result":0.5111111111111111,"id":"ca1ea856-ce0b-4033-910a-7943e86db9a5"}}
2023-02-06 11:34:47.478 -05:00 [VRB] STDIN: {"type": "REQUEST", "request": {"type":"division","id":"866a6efe-b1b8-4e25-aca6-4a245a8f75b6","args":"{\"num1\":9,\"num2\":3}"}	
2023-02-06 11:34:47.778 -05:00 [VRB] STDOUT: {"type":"RESPONSE","response":{"result":3.0,"id":"866a6efe-b1b8-4e25-aca6-4a245a8f75b6"}}
2023-02-06 12:29:06.511 -05:00 [VRB] STDIN: {"type": "REQUEST", "request": {"type":"division","id":"3635f624-3fb0-44a3-996b-ab70373e1a42","args":"{\"num1\":8,\"num2\":9}"}	
2023-02-06 12:29:06.949 -05:00 [VRB] STDOUT: {"type":"RESPONSE","response":{"result":0.8888888888888888,"id":"3635f624-3fb0-44a3-996b-ab70373e1a42"}}
2023-02-06 13:34:49.976 -05:00 [VRB] STDIN: {"type": "REQUEST", "request": {"type":"division","id":"9420d548-c927-48b7-b030-72bfbf0dc3a0","args":"{\"num1\":8,\"num2\":9}"}	
2023-02-06 13:34:50.309 -05:00 [VRB] STDOUT: {"type":"RESPONSE","response":{"result":0.8888888888888888,"id":"9420d548-c927-48b7-b030-72bfbf0dc3a0"}}
2023-02-06 13:35:12.189 -05:00 [VRB] STDIN: {"type": "REQUEST", "request": {"type":"division","id":"ced504d4-f888-4137-a2c4-17f532794800","args":"{\"num1\":9,\"num2\":3}"}	
2023-02-06 13:35:12.433 -05:00 [VRB] STDOUT: {"type":"RESPONSE","response":{"result":3.0,"id":"ced504d4-f888-4137-a2c4-17f532794800"}}
2023-02-06 13:44:07.506 -05:00 [VRB] STDIN: {"type": "REQUEST", "request": {"type":"sum","id":"1ed3ccdd-e144-4662-9df1-89eab9eb0e52","args":"{\"num1\":5,\"num2\":6}"}	
2023-02-06 13:44:08.121 -05:00 [VRB] STDOUT: {"type":"RESPONSE","response":{"result":11.0,"id":"1ed3ccdd-e144-4662-9df1-89eab9eb0e52"}}
2023-02-06 13:44:11.609 -05:00 [VRB] STDIN: {"type": "REQUEST", "request": {"type":"sum","id":"62d195bc-1a07-4109-b4db-bf8f74fa31be","args":"{\"num1\":5,\"num2\":6}"}	
2023-02-06 13:44:11.624 -05:00 [VRB] STDOUT: {"type":"RESPONSE","response":{"result":11.0,"id":"62d195bc-1a07-4109-b4db-bf8f74fa31be"}}
2023-02-06 13:44:11.769 -05:00 [VRB] STDIN: {"type": "REQUEST", "request": {"type":"sum","id":"fb4a4e67-61ea-4d3b-8a57-23b932092933","args":"{\"num1\":5,\"num2\":6}"}	
2023-02-06 13:44:11.786 -05:00 [VRB] STDOUT: {"type":"RESPONSE","response":{"result":11.0,"id":"fb4a4e67-61ea-4d3b-8a57-23b932092933"}}
2023-02-06 13:44:11.937 -05:00 [VRB] STDIN: {"type": "REQUEST", "request": {"type":"sum","id":"3f76abfb-91cc-466b-9ed1-543f1ea23bc4","args":"{\"num1\":5,\"num2\":6}"}	
2023-02-06 13:44:11.951 -05:00 [VRB] STDOUT: {"type":"RESPONSE","response":{"result":11.0,"id":"3f76abfb-91cc-466b-9ed1-543f1ea23bc4"}}
2023-02-06 15:15:11.326 -05:00 [VRB] STDIN: {"type": "REQUEST", "request": {"type":"sum","id":"04f57240-50cf-4565-b0da-800a875b1b33","args":"{\"num1\":3,\"num2\":3}"}	
2023-02-06 15:15:11.828 -05:00 [VRB] STDOUT: {"type":"RESPONSE","response":{"result":"COM3","id":"04f57240-50cf-4565-b0da-800a875b1b33"}}
2023-02-06 15:15:14.462 -05:00 [VRB] STDIN: {"type": "REQUEST", "request": {"type":"sum","id":"cea83c73-614f-4a56-99fc-09a259d5cfc3","args":"{\"num1\":3,\"num2\":3}"}	
2023-02-06 15:15:14.475 -05:00 [VRB] STDOUT: {"type":"RESPONSE","response":{"result":"COM3","id":"cea83c73-614f-4a56-99fc-09a259d5cfc3"}}
2023-02-06 15:16:42.614 -05:00 [VRB] STDIN: {"type": "REQUEST", "request": {"type":"sum","id":"db43e242-3d73-4654-899d-1eb386708431","args":"{\"num1\":3,\"num2\":3}"}	
2023-02-06 15:16:42.948 -05:00 [VRB] STDOUT: {"type":"RESPONSE","response":{"result":"COM3","id":"db43e242-3d73-4654-899d-1eb386708431"}}
2023-02-06 15:16:44.776 -05:00 [VRB] STDIN: {"type": "REQUEST", "request": {"type":"sum","id":"26f1d4d2-6f81-45dd-82ff-64c9ff774934","args":"{\"num1\":3,\"num2\":3}"}	
2023-02-06 15:16:44.790 -05:00 [VRB] STDOUT: {"type":"RESPONSE","response":{"result":"COM3","id":"26f1d4d2-6f81-45dd-82ff-64c9ff774934"}}
2023-02-06 15:16:45.017 -05:00 [VRB] STDIN: {"type": "REQUEST", "request": {"type":"sum","id":"917cd757-4c22-467e-9b8a-f01c43a8b930","args":"{\"num1\":3,\"num2\":3}"}	
2023-02-06 15:16:45.031 -05:00 [VRB] STDOUT: {"type":"RESPONSE","response":{"result":"COM3","id":"917cd757-4c22-467e-9b8a-f01c43a8b930"}}
2023-02-06 15:16:46.392 -05:00 [VRB] STDIN: {"type": "REQUEST", "request": {"type":"sum","id":"2fed2422-e605-4ddb-881a-172e9eb3c381","args":"{\"num1\":3,\"num2\":377}"}	
2023-02-06 15:16:46.407 -05:00 [VRB] STDOUT: {"type":"RESPONSE","response":{"result":"COM3","id":"2fed2422-e605-4ddb-881a-172e9eb3c381"}}
2023-02-06 15:16:49.025 -05:00 [VRB] STDIN: {"type": "REQUEST", "request": {"type":"division","id":"46baa399-dd01-4d54-b200-27a4d628d027","args":"{\"num1\":3,\"num2\":6}"}	
2023-02-06 15:16:49.142 -05:00 [VRB] STDOUT: {"type":"RESPONSE","response":{"result":0.5,"id":"46baa399-dd01-4d54-b200-27a4d628d027"}}
2023-02-06 15:20:49.475 -05:00 [VRB] STDIN: {"type": "REQUEST", "request": {"type":"sum","id":"ac127dc0-0dbb-402b-981c-69c8496030a6","args":"{\"num1\":8,\"num2\":3}"}	
2023-02-06 15:20:49.732 -05:00 [VRB] STDOUT: {"type":"RESPONSE","response":{"result":11.0,"id":"ac127dc0-0dbb-402b-981c-69c8496030a6"}}
2023-02-06 15:21:42.837 -05:00 [VRB] STDIN: {"type": "REQUEST", "request": {"type":"sum","id":"1ea5e059-f320-4cc5-bd09-64db3b2105f5","args":"{\"num1\":3,\"num2\":3}"}	
2023-02-06 15:21:43.092 -05:00 [VRB] STDOUT: {"type":"RESPONSE","response":{"result":6.0,"id":"1ea5e059-f320-4cc5-bd09-64db3b2105f5"}}
2023-02-06 15:21:47.779 -05:00 [VRB] STDIN: {"type": "REQUEST", "request": {"type":"division","id":"bc14d036-9952-4b10-9eb3-2946b87fe85d","args":"{\"num1\":6,\"num2\":3}"}	
2023-02-06 15:21:47.796 -05:00 [VRB] STDOUT: {"type":"RESPONSE","response":{"result":2.0,"id":"bc14d036-9952-4b10-9eb3-2946b87fe85d"}}
2023-02-07 09:06:51.435 -05:00 [VRB] STDIN: {"type": "REQUEST", "request": {"type":"division","id":"4690e208-d790-4436-9607-c08c6ab63def","args":"{\"num1\":2,\"num2\":0}"}	
2023-02-07 09:06:51.868 -05:00 [VRB] Sending Failed Response: {"type":"ERROR","requestId":"4690e208-d790-4436-9607-c08c6ab63def","error":"{\"ClassName\":\"System.InvalidOperationException\",\"Message\":\"Division by 0\",\"Data\":null,\"InnerException\":null,\"HelpURL\":null,\"StackTraceString\":\"   at CSHARP.Program.<>c.<Main>b__0_3(Object numbers) in C:\\\\Users\\\\Pranav\\\\Desktop\\\\APP\\\\CSHARP\\\\Program.cs:line 37\\r\\n   at ElectronCgi.DotNet.Connection.<>c__DisplayClass26_0`2.<On>b__0(TIn args)\\r\\n   at ElectronCgi.DotNet.RequestHandler`2.HandleRequestAsync(Guid id, Object arguments)\\r\\n   at ElectronCgi.DotNet.RequestExecutor.<>c__DisplayClass6_0.<<ExecuteAsync>b__0>d.MoveNext()\",\"RemoteStackTraceString\":null,\"RemoteStackIndex\":0,\"ExceptionMethod\":null,\"HResult\":-2146233079,\"Source\":\"DotNetCalculator\",\"WatsonBuckets\":null}"}
2023-02-07 09:06:51.869 -05:00 [VRB] STDOUT: {"type":"ERROR","requestId":"4690e208-d790-4436-9607-c08c6ab63def","error":"{\"ClassName\":\"System.InvalidOperationException\",\"Message\":\"Division by 0\",\"Data\":null,\"InnerException\":null,\"HelpURL\":null,\"StackTraceString\":\"   at CSHARP.Program.<>c.<Main>b__0_3(Object numbers) in C:\\\\Users\\\\Pranav\\\\Desktop\\\\APP\\\\CSHARP\\\\Program.cs:line 37\\r\\n   at ElectronCgi.DotNet.Connection.<>c__DisplayClass26_0`2.<On>b__0(TIn args)\\r\\n   at ElectronCgi.DotNet.RequestHandler`2.HandleRequestAsync(Guid id, Object arguments)\\r\\n   at ElectronCgi.DotNet.RequestExecutor.<>c__DisplayClass6_0.<<ExecuteAsync>b__0>d.MoveNext()\",\"RemoteStackTraceString\":null,\"RemoteStackIndex\":0,\"ExceptionMethod\":null,\"HResult\":-2146233079,\"Source\":\"DotNetCalculator\",\"WatsonBuckets\":null}"}
2023-02-07 09:07:17.938 -05:00 [VRB] STDIN: {"type": "REQUEST", "request": {"type":"division","id":"e57d7822-cc75-4f5c-a7ee-9f6af59f8574","args":"{\"num1\":3,\"num2\":0}"}	
2023-02-07 09:07:18.276 -05:00 [VRB] Sending Failed Response: {"type":"ERROR","requestId":"e57d7822-cc75-4f5c-a7ee-9f6af59f8574","error":"{\"ClassName\":\"System.InvalidOperationException\",\"Message\":\"Division by 0\",\"Data\":null,\"InnerException\":null,\"HelpURL\":null,\"StackTraceString\":\"   at CSHARP.Program.<>c.<Main>b__0_3(Object numbers) in C:\\\\Users\\\\Pranav\\\\Desktop\\\\APP\\\\CSHARP\\\\Program.cs:line 37\\r\\n   at ElectronCgi.DotNet.Connection.<>c__DisplayClass26_0`2.<On>b__0(TIn args)\\r\\n   at ElectronCgi.DotNet.RequestHandler`2.HandleRequestAsync(Guid id, Object arguments)\\r\\n   at ElectronCgi.DotNet.RequestExecutor.<>c__DisplayClass6_0.<<ExecuteAsync>b__0>d.MoveNext()\",\"RemoteStackTraceString\":null,\"RemoteStackIndex\":0,\"ExceptionMethod\":null,\"HResult\":-2146233079,\"Source\":\"DotNetCalculator\",\"WatsonBuckets\":null}"}
2023-02-07 09:07:18.276 -05:00 [VRB] STDOUT: {"type":"ERROR","requestId":"e57d7822-cc75-4f5c-a7ee-9f6af59f8574","error":"{\"ClassName\":\"System.InvalidOperationException\",\"Message\":\"Division by 0\",\"Data\":null,\"InnerException\":null,\"HelpURL\":null,\"StackTraceString\":\"   at CSHARP.Program.<>c.<Main>b__0_3(Object numbers) in C:\\\\Users\\\\Pranav\\\\Desktop\\\\APP\\\\CSHARP\\\\Program.cs:line 37\\r\\n   at ElectronCgi.DotNet.Connection.<>c__DisplayClass26_0`2.<On>b__0(TIn args)\\r\\n   at ElectronCgi.DotNet.RequestHandler`2.HandleRequestAsync(Guid id, Object arguments)\\r\\n   at ElectronCgi.DotNet.RequestExecutor.<>c__DisplayClass6_0.<<ExecuteAsync>b__0>d.MoveNext()\",\"RemoteStackTraceString\":null,\"RemoteStackIndex\":0,\"ExceptionMethod\":null,\"HResult\":-2146233079,\"Source\":\"DotNetCalculator\",\"WatsonBuckets\":null}"}
2023-02-07 09:07:19.029 -05:00 [VRB] STDIN: {"type": "REQUEST", "request": {"type":"division","id":"6491bb08-688a-414d-aadc-df9c91f1f999","args":"{\"num1\":3,\"num2\":0}"}	
2023-02-07 09:07:19.030 -05:00 [VRB] Sending Failed Response: {"type":"ERROR","requestId":"6491bb08-688a-414d-aadc-df9c91f1f999","error":"{\"ClassName\":\"System.InvalidOperationException\",\"Message\":\"Division by 0\",\"Data\":null,\"InnerException\":null,\"HelpURL\":null,\"StackTraceString\":\"   at CSHARP.Program.<>c.<Main>b__0_3(Object numbers) in C:\\\\Users\\\\Pranav\\\\Desktop\\\\APP\\\\CSHARP\\\\Program.cs:line 37\\r\\n   at ElectronCgi.DotNet.Connection.<>c__DisplayClass26_0`2.<On>b__0(TIn args)\\r\\n   at ElectronCgi.DotNet.RequestHandler`2.HandleRequestAsync(Guid id, Object arguments)\\r\\n   at ElectronCgi.DotNet.RequestExecutor.<>c__DisplayClass6_0.<<ExecuteAsync>b__0>d.MoveNext()\",\"RemoteStackTraceString\":null,\"RemoteStackIndex\":0,\"ExceptionMethod\":null,\"HResult\":-2146233079,\"Source\":\"DotNetCalculator\",\"WatsonBuckets\":null}"}
2023-02-07 09:07:19.031 -05:00 [VRB] STDOUT: {"type":"ERROR","requestId":"6491bb08-688a-414d-aadc-df9c91f1f999","error":"{\"ClassName\":\"System.InvalidOperationException\",\"Message\":\"Division by 0\",\"Data\":null,\"InnerException\":null,\"HelpURL\":null,\"StackTraceString\":\"   at CSHARP.Program.<>c.<Main>b__0_3(Object numbers) in C:\\\\Users\\\\Pranav\\\\Desktop\\\\APP\\\\CSHARP\\\\Program.cs:line 37\\r\\n   at ElectronCgi.DotNet.Connection.<>c__DisplayClass26_0`2.<On>b__0(TIn args)\\r\\n   at ElectronCgi.DotNet.RequestHandler`2.HandleRequestAsync(Guid id, Object arguments)\\r\\n   at ElectronCgi.DotNet.RequestExecutor.<>c__DisplayClass6_0.<<ExecuteAsync>b__0>d.MoveNext()\",\"RemoteStackTraceString\":null,\"RemoteStackIndex\":0,\"ExceptionMethod\":null,\"HResult\":-2146233079,\"Source\":\"DotNetCalculator\",\"WatsonBuckets\":null}"}
2023-02-07 09:07:19.661 -05:00 [VRB] STDIN: {"type": "REQUEST", "request": {"type":"division","id":"1bd98274-bfc0-4948-bd15-cd7f61e501d2","args":"{\"num1\":3,\"num2\":0}"}	
2023-02-07 09:07:19.663 -05:00 [VRB] Sending Failed Response: {"type":"ERROR","requestId":"1bd98274-bfc0-4948-bd15-cd7f61e501d2","error":"{\"ClassName\":\"System.InvalidOperationException\",\"Message\":\"Division by 0\",\"Data\":null,\"InnerException\":null,\"HelpURL\":null,\"StackTraceString\":\"   at CSHARP.Program.<>c.<Main>b__0_3(Object numbers) in C:\\\\Users\\\\Pranav\\\\Desktop\\\\APP\\\\CSHARP\\\\Program.cs:line 37\\r\\n   at ElectronCgi.DotNet.Connection.<>c__DisplayClass26_0`2.<On>b__0(TIn args)\\r\\n   at ElectronCgi.DotNet.RequestHandler`2.HandleRequestAsync(Guid id, Object arguments)\\r\\n   at ElectronCgi.DotNet.RequestExecutor.<>c__DisplayClass6_0.<<ExecuteAsync>b__0>d.MoveNext()\",\"RemoteStackTraceString\":null,\"RemoteStackIndex\":0,\"ExceptionMethod\":null,\"HResult\":-2146233079,\"Source\":\"DotNetCalculator\",\"WatsonBuckets\":null}"}
2023-02-07 09:07:19.663 -05:00 [VRB] STDOUT: {"type":"ERROR","requestId":"1bd98274-bfc0-4948-bd15-cd7f61e501d2","error":"{\"ClassName\":\"System.InvalidOperationException\",\"Message\":\"Division by 0\",\"Data\":null,\"InnerException\":null,\"HelpURL\":null,\"StackTraceString\":\"   at CSHARP.Program.<>c.<Main>b__0_3(Object numbers) in C:\\\\Users\\\\Pranav\\\\Desktop\\\\APP\\\\CSHARP\\\\Program.cs:line 37\\r\\n   at ElectronCgi.DotNet.Connection.<>c__DisplayClass26_0`2.<On>b__0(TIn args)\\r\\n   at ElectronCgi.DotNet.RequestHandler`2.HandleRequestAsync(Guid id, Object arguments)\\r\\n   at ElectronCgi.DotNet.RequestExecutor.<>c__DisplayClass6_0.<<ExecuteAsync>b__0>d.MoveNext()\",\"RemoteStackTraceString\":null,\"RemoteStackIndex\":0,\"ExceptionMethod\":null,\"HResult\":-2146233079,\"Source\":\"DotNetCalculator\",\"WatsonBuckets\":null}"}
2023-02-07 09:07:19.824 -05:00 [VRB] STDIN: {"type": "REQUEST", "request": {"type":"division","id":"120f8d86-690a-437c-9ebe-04277c39b9cc","args":"{\"num1\":3,\"num2\":0}"}	
2023-02-07 09:07:19.825 -05:00 [VRB] Sending Failed Response: {"type":"ERROR","requestId":"120f8d86-690a-437c-9ebe-04277c39b9cc","error":"{\"ClassName\":\"System.InvalidOperationException\",\"Message\":\"Division by 0\",\"Data\":null,\"InnerException\":null,\"HelpURL\":null,\"StackTraceString\":\"   at CSHARP.Program.<>c.<Main>b__0_3(Object numbers) in C:\\\\Users\\\\Pranav\\\\Desktop\\\\APP\\\\CSHARP\\\\Program.cs:line 37\\r\\n   at ElectronCgi.DotNet.Connection.<>c__DisplayClass26_0`2.<On>b__0(TIn args)\\r\\n   at ElectronCgi.DotNet.RequestHandler`2.HandleRequestAsync(Guid id, Object arguments)\\r\\n   at ElectronCgi.DotNet.RequestExecutor.<>c__DisplayClass6_0.<<ExecuteAsync>b__0>d.MoveNext()\",\"RemoteStackTraceString\":null,\"RemoteStackIndex\":0,\"ExceptionMethod\":null,\"HResult\":-2146233079,\"Source\":\"DotNetCalculator\",\"WatsonBuckets\":null}"}
2023-02-07 09:07:19.826 -05:00 [VRB] STDOUT: {"type":"ERROR","requestId":"120f8d86-690a-437c-9ebe-04277c39b9cc","error":"{\"ClassName\":\"System.InvalidOperationException\",\"Message\":\"Division by 0\",\"Data\":null,\"InnerException\":null,\"HelpURL\":null,\"StackTraceString\":\"   at CSHARP.Program.<>c.<Main>b__0_3(Object numbers) in C:\\\\Users\\\\Pranav\\\\Desktop\\\\APP\\\\CSHARP\\\\Program.cs:line 37\\r\\n   at ElectronCgi.DotNet.Connection.<>c__DisplayClass26_0`2.<On>b__0(TIn args)\\r\\n   at ElectronCgi.DotNet.RequestHandler`2.HandleRequestAsync(Guid id, Object arguments)\\r\\n   at ElectronCgi.DotNet.RequestExecutor.<>c__DisplayClass6_0.<<ExecuteAsync>b__0>d.MoveNext()\",\"RemoteStackTraceString\":null,\"RemoteStackIndex\":0,\"ExceptionMethod\":null,\"HResult\":-2146233079,\"Source\":\"DotNetCalculator\",\"WatsonBuckets\":null}"}
2023-02-07 09:07:19.987 -05:00 [VRB] STDIN: {"type": "REQUEST", "request": {"type":"division","id":"2967bfd9-a3d2-4a60-bbc1-a87145ebdd10","args":"{\"num1\":3,\"num2\":0}"}	
2023-02-07 09:07:19.989 -05:00 [VRB] Sending Failed Response: {"type":"ERROR","requestId":"2967bfd9-a3d2-4a60-bbc1-a87145ebdd10","error":"{\"ClassName\":\"System.InvalidOperationException\",\"Message\":\"Division by 0\",\"Data\":null,\"InnerException\":null,\"HelpURL\":null,\"StackTraceString\":\"   at CSHARP.Program.<>c.<Main>b__0_3(Object numbers) in C:\\\\Users\\\\Pranav\\\\Desktop\\\\APP\\\\CSHARP\\\\Program.cs:line 37\\r\\n   at ElectronCgi.DotNet.Connection.<>c__DisplayClass26_0`2.<On>b__0(TIn args)\\r\\n   at ElectronCgi.DotNet.RequestHandler`2.HandleRequestAsync(Guid id, Object arguments)\\r\\n   at ElectronCgi.DotNet.RequestExecutor.<>c__DisplayClass6_0.<<ExecuteAsync>b__0>d.MoveNext()\",\"RemoteStackTraceString\":null,\"RemoteStackIndex\":0,\"ExceptionMethod\":null,\"HResult\":-2146233079,\"Source\":\"DotNetCalculator\",\"WatsonBuckets\":null}"}
2023-02-07 09:07:19.989 -05:00 [VRB] STDOUT: {"type":"ERROR","requestId":"2967bfd9-a3d2-4a60-bbc1-a87145ebdd10","error":"{\"ClassName\":\"System.InvalidOperationException\",\"Message\":\"Division by 0\",\"Data\":null,\"InnerException\":null,\"HelpURL\":null,\"StackTraceString\":\"   at CSHARP.Program.<>c.<Main>b__0_3(Object numbers) in C:\\\\Users\\\\Pranav\\\\Desktop\\\\APP\\\\CSHARP\\\\Program.cs:line 37\\r\\n   at ElectronCgi.DotNet.Connection.<>c__DisplayClass26_0`2.<On>b__0(TIn args)\\r\\n   at ElectronCgi.DotNet.RequestHandler`2.HandleRequestAsync(Guid id, Object arguments)\\r\\n   at ElectronCgi.DotNet.RequestExecutor.<>c__DisplayClass6_0.<<ExecuteAsync>b__0>d.MoveNext()\",\"RemoteStackTraceString\":null,\"RemoteStackIndex\":0,\"ExceptionMethod\":null,\"HResult\":-2146233079,\"Source\":\"DotNetCalculator\",\"WatsonBuckets\":null}"}
2023-02-07 09:07:20.151 -05:00 [VRB] STDIN: {"type": "REQUEST", "request": {"type":"division","id":"b2424bd8-479c-4271-b41f-3409c5b8ef57","args":"{\"num1\":3,\"num2\":0}"}	
2023-02-07 09:07:20.152 -05:00 [VRB] Sending Failed Response: {"type":"ERROR","requestId":"b2424bd8-479c-4271-b41f-3409c5b8ef57","error":"{\"ClassName\":\"System.InvalidOperationException\",\"Message\":\"Division by 0\",\"Data\":null,\"InnerException\":null,\"HelpURL\":null,\"StackTraceString\":\"   at CSHARP.Program.<>c.<Main>b__0_3(Object numbers) in C:\\\\Users\\\\Pranav\\\\Desktop\\\\APP\\\\CSHARP\\\\Program.cs:line 37\\r\\n   at ElectronCgi.DotNet.Connection.<>c__DisplayClass26_0`2.<On>b__0(TIn args)\\r\\n   at ElectronCgi.DotNet.RequestHandler`2.HandleRequestAsync(Guid id, Object arguments)\\r\\n   at ElectronCgi.DotNet.RequestExecutor.<>c__DisplayClass6_0.<<ExecuteAsync>b__0>d.MoveNext()\",\"RemoteStackTraceString\":null,\"RemoteStackIndex\":0,\"ExceptionMethod\":null,\"HResult\":-2146233079,\"Source\":\"DotNetCalculator\",\"WatsonBuckets\":null}"}
2023-02-07 09:07:20.152 -05:00 [VRB] STDOUT: {"type":"ERROR","requestId":"b2424bd8-479c-4271-b41f-3409c5b8ef57","error":"{\"ClassName\":\"System.InvalidOperationException\",\"Message\":\"Division by 0\",\"Data\":null,\"InnerException\":null,\"HelpURL\":null,\"StackTraceString\":\"   at CSHARP.Program.<>c.<Main>b__0_3(Object numbers) in C:\\\\Users\\\\Pranav\\\\Desktop\\\\APP\\\\CSHARP\\\\Program.cs:line 37\\r\\n   at ElectronCgi.DotNet.Connection.<>c__DisplayClass26_0`2.<On>b__0(TIn args)\\r\\n   at ElectronCgi.DotNet.RequestHandler`2.HandleRequestAsync(Guid id, Object arguments)\\r\\n   at ElectronCgi.DotNet.RequestExecutor.<>c__DisplayClass6_0.<<ExecuteAsync>b__0>d.MoveNext()\",\"RemoteStackTraceString\":null,\"RemoteStackIndex\":0,\"ExceptionMethod\":null,\"HResult\":-2146233079,\"Source\":\"DotNetCalculator\",\"WatsonBuckets\":null}"}
2023-02-07 09:07:20.315 -05:00 [VRB] STDIN: {"type": "REQUEST", "request": {"type":"division","id":"9de4d0b1-4e3e-4226-9dc8-14e5f86ca82b","args":"{\"num1\":3,\"num2\":0}"}	
2023-02-07 09:07:20.317 -05:00 [VRB] Sending Failed Response: {"type":"ERROR","requestId":"9de4d0b1-4e3e-4226-9dc8-14e5f86ca82b","error":"{\"ClassName\":\"System.InvalidOperationException\",\"Message\":\"Division by 0\",\"Data\":null,\"InnerException\":null,\"HelpURL\":null,\"StackTraceString\":\"   at CSHARP.Program.<>c.<Main>b__0_3(Object numbers) in C:\\\\Users\\\\Pranav\\\\Desktop\\\\APP\\\\CSHARP\\\\Program.cs:line 37\\r\\n   at ElectronCgi.DotNet.Connection.<>c__DisplayClass26_0`2.<On>b__0(TIn args)\\r\\n   at ElectronCgi.DotNet.RequestHandler`2.HandleRequestAsync(Guid id, Object arguments)\\r\\n   at ElectronCgi.DotNet.RequestExecutor.<>c__DisplayClass6_0.<<ExecuteAsync>b__0>d.MoveNext()\",\"RemoteStackTraceString\":null,\"RemoteStackIndex\":0,\"ExceptionMethod\":null,\"HResult\":-2146233079,\"Source\":\"DotNetCalculator\",\"WatsonBuckets\":null}"}
2023-02-07 09:07:20.317 -05:00 [VRB] STDOUT: {"type":"ERROR","requestId":"9de4d0b1-4e3e-4226-9dc8-14e5f86ca82b","error":"{\"ClassName\":\"System.InvalidOperationException\",\"Message\":\"Division by 0\",\"Data\":null,\"InnerException\":null,\"HelpURL\":null,\"StackTraceString\":\"   at CSHARP.Program.<>c.<Main>b__0_3(Object numbers) in C:\\\\Users\\\\Pranav\\\\Desktop\\\\APP\\\\CSHARP\\\\Program.cs:line 37\\r\\n   at ElectronCgi.DotNet.Connection.<>c__DisplayClass26_0`2.<On>b__0(TIn args)\\r\\n   at ElectronCgi.DotNet.RequestHandler`2.HandleRequestAsync(Guid id, Object arguments)\\r\\n   at ElectronCgi.DotNet.RequestExecutor.<>c__DisplayClass6_0.<<ExecuteAsync>b__0>d.MoveNext()\",\"RemoteStackTraceString\":null,\"RemoteStackIndex\":0,\"ExceptionMethod\":null,\"HResult\":-2146233079,\"Source\":\"DotNetCalculator\",\"WatsonBuckets\":null}"}
2023-02-07 09:07:20.541 -05:00 [VRB] STDIN: {"type": "REQUEST", "request": {"type":"division","id":"fba3a3da-97f6-4586-8425-9bf2f4a3059f","args":"{\"num1\":3,\"num2\":0}"}	
2023-02-07 09:07:20.542 -05:00 [VRB] Sending Failed Response: {"type":"ERROR","requestId":"fba3a3da-97f6-4586-8425-9bf2f4a3059f","error":"{\"ClassName\":\"System.InvalidOperationException\",\"Message\":\"Division by 0\",\"Data\":null,\"InnerException\":null,\"HelpURL\":null,\"StackTraceString\":\"   at CSHARP.Program.<>c.<Main>b__0_3(Object numbers) in C:\\\\Users\\\\Pranav\\\\Desktop\\\\APP\\\\CSHARP\\\\Program.cs:line 37\\r\\n   at ElectronCgi.DotNet.Connection.<>c__DisplayClass26_0`2.<On>b__0(TIn args)\\r\\n   at ElectronCgi.DotNet.RequestHandler`2.HandleRequestAsync(Guid id, Object arguments)\\r\\n   at ElectronCgi.DotNet.RequestExecutor.<>c__DisplayClass6_0.<<ExecuteAsync>b__0>d.MoveNext()\",\"RemoteStackTraceString\":null,\"RemoteStackIndex\":0,\"ExceptionMethod\":null,\"HResult\":-2146233079,\"Source\":\"DotNetCalculator\",\"WatsonBuckets\":null}"}
2023-02-07 09:07:20.542 -05:00 [VRB] STDOUT: {"type":"ERROR","requestId":"fba3a3da-97f6-4586-8425-9bf2f4a3059f","error":"{\"ClassName\":\"System.InvalidOperationException\",\"Message\":\"Division by 0\",\"Data\":null,\"InnerException\":null,\"HelpURL\":null,\"StackTraceString\":\"   at CSHARP.Program.<>c.<Main>b__0_3(Object numbers) in C:\\\\Users\\\\Pranav\\\\Desktop\\\\APP\\\\CSHARP\\\\Program.cs:line 37\\r\\n   at ElectronCgi.DotNet.Connection.<>c__DisplayClass26_0`2.<On>b__0(TIn args)\\r\\n   at ElectronCgi.DotNet.RequestHandler`2.HandleRequestAsync(Guid id, Object arguments)\\r\\n   at ElectronCgi.DotNet.RequestExecutor.<>c__DisplayClass6_0.<<ExecuteAsync>b__0>d.MoveNext()\",\"RemoteStackTraceString\":null,\"RemoteStackIndex\":0,\"ExceptionMethod\":null,\"HResult\":-2146233079,\"Source\":\"DotNetCalculator\",\"WatsonBuckets\":null}"}
2023-02-07 09:07:48.579 -05:00 [VRB] STDIN: {"type": "REQUEST", "request": {"type":"division","id":"3a2a7d93-cf84-47e2-85d1-fa66ae46df1f","args":"{\"num1\":90,\"num2\":0}"}	
2023-02-07 09:07:48.904 -05:00 [VRB] Sending Failed Response: {"type":"ERROR","requestId":"3a2a7d93-cf84-47e2-85d1-fa66ae46df1f","error":"{\"ClassName\":\"System.InvalidOperationException\",\"Message\":\"Division by 0\",\"Data\":null,\"InnerException\":null,\"HelpURL\":null,\"StackTraceString\":\"   at CSHARP.Program.<>c.<Main>b__0_3(Object numbers) in C:\\\\Users\\\\Pranav\\\\Desktop\\\\APP\\\\CSHARP\\\\Program.cs:line 37\\r\\n   at ElectronCgi.DotNet.Connection.<>c__DisplayClass26_0`2.<On>b__0(TIn args)\\r\\n   at ElectronCgi.DotNet.RequestHandler`2.HandleRequestAsync(Guid id, Object arguments)\\r\\n   at ElectronCgi.DotNet.RequestExecutor.<>c__DisplayClass6_0.<<ExecuteAsync>b__0>d.MoveNext()\",\"RemoteStackTraceString\":null,\"RemoteStackIndex\":0,\"ExceptionMethod\":null,\"HResult\":-2146233079,\"Source\":\"DotNetCalculator\",\"WatsonBuckets\":null}"}
2023-02-07 09:07:48.904 -05:00 [VRB] STDOUT: {"type":"ERROR","requestId":"3a2a7d93-cf84-47e2-85d1-fa66ae46df1f","error":"{\"ClassName\":\"System.InvalidOperationException\",\"Message\":\"Division by 0\",\"Data\":null,\"InnerException\":null,\"HelpURL\":null,\"StackTraceString\":\"   at CSHARP.Program.<>c.<Main>b__0_3(Object numbers) in C:\\\\Users\\\\Pranav\\\\Desktop\\\\APP\\\\CSHARP\\\\Program.cs:line 37\\r\\n   at ElectronCgi.DotNet.Connection.<>c__DisplayClass26_0`2.<On>b__0(TIn args)\\r\\n   at ElectronCgi.DotNet.RequestHandler`2.HandleRequestAsync(Guid id, Object arguments)\\r\\n   at ElectronCgi.DotNet.RequestExecutor.<>c__DisplayClass6_0.<<ExecuteAsync>b__0>d.MoveNext()\",\"RemoteStackTraceString\":null,\"RemoteStackIndex\":0,\"ExceptionMethod\":null,\"HResult\":-2146233079,\"Source\":\"DotNetCalculator\",\"WatsonBuckets\":null}"}
2023-02-07 09:20:02.569 -05:00 [VRB] STDIN: {"type": "REQUEST", "request": {"type":"sum","id":"830efe72-6e4b-4e5a-87a1-54ddf38e42cc","args":"{\"num1\":3,\"num2\":43}"}	
2023-02-07 09:20:02.936 -05:00 [VRB] STDOUT: {"type":"RESPONSE","response":{"result":46.0,"id":"830efe72-6e4b-4e5a-87a1-54ddf38e42cc"}}
2023-02-07 09:21:13.875 -05:00 [VRB] STDIN: {"type": "REQUEST", "request": {"type":"sum","id":"789fa261-457a-40e2-8582-92adf6c01a42","args":"{\"num1\":3,\"num2\":3}"}	
2023-02-07 09:21:14.205 -05:00 [VRB] STDOUT: {"type":"RESPONSE","response":{"result":6.0,"id":"789fa261-457a-40e2-8582-92adf6c01a42"}}
2023-02-07 09:24:00.448 -05:00 [VRB] STDIN: {"type": "REQUEST", "request": {"type":"sum","id":"50cdf206-38d3-46a8-9d90-7cf55498bab3","args":"{\"num1\":3,\"num2\":3}"}	
2023-02-07 09:24:00.807 -05:00 [VRB] STDOUT: {"type":"RESPONSE","response":{"result":6.0,"id":"50cdf206-38d3-46a8-9d90-7cf55498bab3"}}
2023-02-07 09:26:10.298 -05:00 [VRB] STDIN: {"type": "REQUEST", "request": {"type":"sum","id":"0638e58a-db96-431b-9887-0ad3007285b8","args":"{\"num1\":3,\"num2\":3}"}	
2023-02-07 09:26:10.677 -05:00 [VRB] STDOUT: {"type":"RESPONSE","response":{"result":6.0,"id":"0638e58a-db96-431b-9887-0ad3007285b8"}}
2023-02-07 09:42:37.897 -05:00 [VRB] STDIN: {"type": "REQUEST", "request": {"type":"sum","id":"a0807713-7840-401d-bca1-17218495b654","args":"{\"num1\":3,\"num2\":6}"}	
2023-02-07 09:42:38.271 -05:00 [VRB] STDOUT: {"type":"RESPONSE","response":{"result":9.0,"id":"a0807713-7840-401d-bca1-17218495b654"}}
2023-02-07 10:41:24.180 -05:00 [VRB] STDIN: {"type": "REQUEST", "request": {"type":"sum","id":"2291ce89-5f9c-4549-a5f8-c03995c4d6d2","args":"{\"num1\":3,\"num2\":3}"}	
2023-02-07 10:41:24.531 -05:00 [VRB] STDOUT: {"type":"RESPONSE","response":{"result":6.0,"id":"2291ce89-5f9c-4549-a5f8-c03995c4d6d2"}}
2023-02-07 15:37:03.444 -05:00 [VRB] STDIN: {"type": "REQUEST", "request": {"type":"sum","id":"7ca04dac-ac7e-4b10-9def-4752295f301b","args":"{\"num1\":3,\"num2\":3}"}	
2023-02-07 15:37:05.092 -05:00 [VRB] STDOUT: {"type":"RESPONSE","response":{"result":6.0,"id":"7ca04dac-ac7e-4b10-9def-4752295f301b"}}
2023-02-07 15:40:26.950 -05:00 [VRB] STDIN: {"type": "REQUEST", "request": {"type":"sum","id":"416b8e4c-d26a-4150-8800-699e9df877c2","args":"{\"num1\":3,\"num2\":3}"}	
2023-02-07 15:40:28.431 -05:00 [VRB] STDOUT: {"type":"RESPONSE","response":{"result":6.0,"id":"416b8e4c-d26a-4150-8800-699e9df877c2"}}
2023-02-07 15:41:26.935 -05:00 [VRB] STDIN: {"type": "REQUEST", "request": {"type":"sum","id":"9a09a82c-6244-42af-807a-a351e72de0fe","args":"{\"num1\":3,\"num2\":3}"}	
2023-02-07 15:41:28.410 -05:00 [VRB] STDOUT: {"type":"RESPONSE","response":{"result":6.0,"id":"9a09a82c-6244-42af-807a-a351e72de0fe"}}
2023-02-07 15:44:40.912 -05:00 [VRB] STDIN: {"type": "REQUEST", "request": {"type":"sum","id":"988339b0-4eec-4ff5-8e6b-d5709ca424a7","args":"{\"num1\":3,\"num2\":3}"}	
2023-02-07 15:44:43.607 -05:00 [VRB] STDOUT: {"type":"RESPONSE","response":{"result":6.0,"id":"988339b0-4eec-4ff5-8e6b-d5709ca424a7"}}
2023-02-07 15:58:38.468 -05:00 [VRB] STDIN: {"type": "REQUEST", "request": {"type":"sum","id":"296690a0-5538-4d9b-9ca8-f56348d840bd","args":"{\"num1\":3,\"num2\":3}"}	
2023-02-07 15:58:40.121 -05:00 [VRB] STDOUT: {"type":"RESPONSE","response":{"result":6.0,"id":"296690a0-5538-4d9b-9ca8-f56348d840bd"}}
2023-02-07 16:18:35.997 -05:00 [VRB] STDIN: {"type": "REQUEST", "request": {"type":"sum","id":"e4ab4b2a-5280-4814-8533-18cf54922462","args":"{\"num1\":3,\"num2\":3}"}	
2023-02-07 16:18:37.487 -05:00 [VRB] STDOUT: {"type":"RESPONSE","response":{"result":6.0,"id":"e4ab4b2a-5280-4814-8533-18cf54922462"}}
2023-02-08 09:09:04.956 -05:00 [VRB] STDIN: {"type": "REQUEST", "request": {"type":"sum","id":"8e79cda8-c780-44aa-9a84-dafd04eae72c","args":"{\"num1\":0,\"num2\":0}"}	
2023-02-08 09:09:05.598 -05:00 [VRB] STDOUT: {"type":"RESPONSE","response":{"result":0.0,"id":"8e79cda8-c780-44aa-9a84-dafd04eae72c"}}
2023-02-08 09:15:47.733 -05:00 [VRB] STDIN: {"type": "REQUEST", "request": {"type":"sum","id":"c7b5f6af-2877-452b-a0af-8ae75a511b3d","args":"{\"num1\":3,\"num2\":3}"}	
2023-02-08 09:15:48.165 -05:00 [VRB] STDOUT: {"type":"RESPONSE","response":{"result":6.0,"id":"c7b5f6af-2877-452b-a0af-8ae75a511b3d"}}
2023-02-08 09:53:57.772 -05:00 [VRB] STDIN: {"type": "REQUEST", "request": {"type":"subtraction","id":"b533e867-14c2-4aeb-b0b9-6eaf29d6c6d3","args":"{\"num1\":9,\"num2\":3}"}	
2023-02-08 09:53:58.005 -05:00 [VRB] STDOUT: {"type":"RESPONSE","response":{"result":6.0,"id":"b533e867-14c2-4aeb-b0b9-6eaf29d6c6d3"}}
2023-02-08 09:54:04.095 -05:00 [VRB] STDIN: {"type": "REQUEST", "request": {"type":"subtraction","id":"421e64de-e7c1-47dd-a786-3f341c3e5b5b","args":"{\"num1\":9,\"num2\":3}"}	
2023-02-08 09:54:04.097 -05:00 [VRB] STDOUT: {"type":"RESPONSE","response":{"result":6.0,"id":"421e64de-e7c1-47dd-a786-3f341c3e5b5b"}}
2023-02-08 09:54:09.905 -05:00 [VRB] STDIN: {"type": "REQUEST", "request": {"type":"division","id":"b30f7805-77ea-4e2b-bad2-ecf2df58537f","args":"{\"num1\":3,\"num2\":2}"}	
2023-02-08 09:54:10.037 -05:00 [VRB] STDOUT: {"type":"RESPONSE","response":{"result":1.5,"id":"b30f7805-77ea-4e2b-bad2-ecf2df58537f"}}
2023-02-08 09:54:16.896 -05:00 [VRB] STDIN: {"type": "REQUEST", "request": {"type":"division","id":"287a7a33-15e0-47da-bcc6-fa310ac6fc25","args":"{\"num1\":8963,\"num2\":9}"}	
2023-02-08 09:54:16.897 -05:00 [VRB] STDOUT: {"type":"RESPONSE","response":{"result":995.8888888888889,"id":"287a7a33-15e0-47da-bcc6-fa310ac6fc25"}}
2023-02-08 09:54:23.522 -05:00 [VRB] STDIN: {"type": "REQUEST", "request": {"type":"multiplication","id":"3333e38a-d048-4fbb-81dc-d0ca7886c705","args":"{\"num1\":2578,\"num2\":656}"}	
2023-02-08 09:54:23.529 -05:00 [VRB] STDOUT: {"type":"RESPONSE","response":{"result":1691168.0,"id":"3333e38a-d048-4fbb-81dc-d0ca7886c705"}}
2023-02-08 09:55:32.278 -05:00 [VRB] STDIN: {"type": "REQUEST", "request": {"type":"multiplication","id":"ab9541af-3f31-43c3-8f70-6ab632bad63a","args":"{\"num1\":3,\"num2\":3}"}	
2023-02-08 09:55:32.574 -05:00 [VRB] STDOUT: {"type":"RESPONSE","response":{"result":9.0,"id":"ab9541af-3f31-43c3-8f70-6ab632bad63a"}}
2023-02-08 09:55:50.263 -05:00 [VRB] STDIN: {"type": "REQUEST", "request": {"type":"multiplication","id":"2017b2c6-8802-4bbd-9ba6-7399548bc51f","args":"{\"num1\":9,\"num2\":58}"}	
2023-02-08 09:55:50.542 -05:00 [VRB] STDOUT: {"type":"RESPONSE","response":{"result":522.0,"id":"2017b2c6-8802-4bbd-9ba6-7399548bc51f"}}
2023-02-08 09:56:08.159 -05:00 [VRB] STDIN: {"type": "REQUEST", "request": {"type":"multiplication","id":"28fe37ac-ba7a-40f8-8b74-5c0581cd759a","args":"{\"num1\":98,\"num2\":9}"}	
2023-02-08 09:56:08.427 -05:00 [VRB] STDOUT: {"type":"RESPONSE","response":{"result":882.0,"id":"28fe37ac-ba7a-40f8-8b74-5c0581cd759a"}}
2023-02-08 10:00:48.705 -05:00 [VRB] STDIN: {"type": "REQUEST", "request": {"type":"subtraction","id":"f8878e9c-4fbf-4504-baea-7f6e715d7b10","args":"{\"num1\":8,\"num2\":2}"}	
2023-02-08 10:00:48.926 -05:00 [VRB] STDOUT: {"type":"RESPONSE","response":{"result":6.0,"id":"f8878e9c-4fbf-4504-baea-7f6e715d7b10"}}
2023-02-08 10:00:51.821 -05:00 [VRB] STDIN: {"type": "REQUEST", "request": {"type":"subtraction","id":"bad2ed50-aba8-4cc9-8ddf-13981753ced2","args":"{\"num1\":8,\"num2\":2}"}	
2023-02-08 10:00:51.823 -05:00 [VRB] STDOUT: {"type":"RESPONSE","response":{"result":6.0,"id":"bad2ed50-aba8-4cc9-8ddf-13981753ced2"}}
2023-02-08 10:03:45.036 -05:00 [VRB] STDIN: {"type": "REQUEST", "request": {"type":"sum","id":"af13202a-8d7c-4600-8fee-dd059cd32377","args":"{\"num1\":3,\"num2\":3}"}	
2023-02-08 10:23:47.928 -05:00 [VRB] STDIN: {"type": "REQUEST", "request": {"type":"info","id":"f5ece5a5-ae0d-47b4-99ea-88e6785882e9","args":"null"}}	
2023-02-08 10:23:49.495 -05:00 [VRB] STDOUT: {"type":"RESPONSE","response":{"result":["Board type:  navX2-MXP (Gen 2) (50)\r\nH/W Rev:  34\r\nF/W Rev:  4.0.447\r\nUnique ID:  23-00-1D-00-04-50-33-53-31-37-35-20"],"id":"f5ece5a5-ae0d-47b4-99ea-88e6785882e9"}}
2023-02-08 10:23:51.509 -05:00 [VRB] STDIN: {"type": "REQUEST", "request": {"type":"info","id":"cd309264-bdb2-4b60-bbe6-54eca36b2994","args":"null"}}	
2023-02-08 10:23:52.737 -05:00 [VRB] STDOUT: {"type":"RESPONSE","response":{"result":["Board type:  navX2-MXP (Gen 2) (50)\r\nH/W Rev:  34\r\nF/W Rev:  4.0.447\r\nUnique ID:  23-00-1D-00-04-50-33-53-31-37-35-20","Board type:  navX2-MXP (Gen 2) (50)\r\nH/W Rev:  34\r\nF/W Rev:  4.0.447\r\nUnique ID:  23-00-1D-00-04-50-33-53-31-37-35-20"],"id":"cd309264-bdb2-4b60-bbe6-54eca36b2994"}}
2023-02-08 10:32:19.408 -05:00 [VRB] STDIN: {"type": "REQUEST", "request": {"type":"info","id":"c998f4c5-45bf-45f7-b0b2-79b0efaf9c34","args":"null"}}	{"type": "REQUEST", "request": {"type":"info","id":"0e056948-80eb-47e7-8f41-a9111d86fc89","args":"null"}}	
2023-02-08 10:32:20.297 -05:00 [VRB] STDOUT: {"type":"RESPONSE","response":{"result":[],"id":"0e056948-80eb-47e7-8f41-a9111d86fc89"}}
2023-02-08 10:32:20.297 -05:00 [VRB] STDOUT: {"type":"RESPONSE","response":{"result":[],"id":"c998f4c5-45bf-45f7-b0b2-79b0efaf9c34"}}
2023-02-08 10:32:27.432 -05:00 [VRB] STDIN: {"type": "REQUEST", "request": {"type":"sum","id":"ba9714c0-2c90-45da-a8ea-25b0b11c27ff","args":"{\"num1\":1,\"num2\":1}"}	
2023-02-08 10:32:27.648 -05:00 [VRB] STDOUT: {"type":"RESPONSE","response":{"result":2.0,"id":"ba9714c0-2c90-45da-a8ea-25b0b11c27ff"}}
2023-02-08 10:32:31.824 -05:00 [VRB] STDIN: {"type": "REQUEST", "request": {"type":"sum","id":"278ad009-452f-41fc-bfea-0f6f0b2eef1d","args":"{\"num1\":24,\"num2\":8}"}	
2023-02-08 10:32:31.910 -05:00 [VRB] STDOUT: {"type":"RESPONSE","response":{"result":32.0,"id":"278ad009-452f-41fc-bfea-0f6f0b2eef1d"}}
2023-02-08 10:32:33.576 -05:00 [VRB] STDIN: {"type": "REQUEST", "request": {"type":"info","id":"cf01df0d-9491-4cc7-b52f-db7bba48dd06","args":"null"}}	
2023-02-08 10:32:33.671 -05:00 [VRB] STDOUT: {"type":"RESPONSE","response":{"result":[],"id":"cf01df0d-9491-4cc7-b52f-db7bba48dd06"}}
2023-02-08 11:08:45.184 -05:00 [VRB] STDIN: {"type": "REQUEST", "request": {"type":"info","id":"c1bc4b3f-6228-4c19-adb7-cea08582bc5d","args":"null"}}	
2023-02-08 11:08:45.703 -05:00 [VRB] STDOUT: {"type":"RESPONSE","response":{"result":[],"id":"c1bc4b3f-6228-4c19-adb7-cea08582bc5d"}}
2023-02-08 11:08:46.435 -05:00 [VRB] STDIN: {"type": "REQUEST", "request": {"type":"info","id":"f4c08c3d-0045-4933-9713-26f8b67544af","args":"null"}}	
2023-02-08 11:08:46.522 -05:00 [VRB] STDOUT: {"type":"RESPONSE","response":{"result":[],"id":"f4c08c3d-0045-4933-9713-26f8b67544af"}}
2023-02-08 11:12:09.917 -05:00 [VRB] STDIN: {"type": "REQUEST", "request": {"type":"info","id":"b42af4e2-5be0-45f0-aef5-2b43a8b75ab8","args":"null"}}	
2023-02-08 11:12:10.423 -05:00 [VRB] STDOUT: {"type":"RESPONSE","response":{"result":[],"id":"b42af4e2-5be0-45f0-aef5-2b43a8b75ab8"}}
2023-02-08 12:00:09.469 -05:00 [VRB] STDIN: {"type": "REQUEST", "request": {"type":"info","id":"0997817c-5178-4496-ab4a-df034f15f5eb","args":"null"}}	
2023-02-08 12:00:09.916 -05:00 [VRB] STDOUT: {"type":"RESPONSE","response":{"result":[],"id":"0997817c-5178-4496-ab4a-df034f15f5eb"}}
